2024-10-17 14:21:40,079 - INFO - Starting Ergo Token Distribution Bot
2024-10-17 14:21:40,080 - INFO - Loading configuration from ergo.json
2024-10-17 14:21:40,080 - INFO - Configuration loaded successfully
2024-10-17 14:21:40,080 - INFO - Initializing ErgoAppKit
2024-10-17 14:21:40,198 - INFO - ErgoAppKit initialized successfully
2024-10-17 14:21:40,199 - INFO - Token ID: 139cf6f4f22e36198d4c15f2b2f5c6dd08726f871f8603362d2bb193846bfb35
2024-10-17 14:21:40,199 - INFO - Number of recipient wallets: 4
2024-10-17 14:21:40,199 - INFO - Blocks between dispense: 1
2024-10-17 14:21:40,773 - INFO - Initial block height: 1375763
2024-10-17 14:21:41,103 - INFO - Current block height: 1375763
2024-10-17 14:21:41,104 - INFO - Waiting for 1 more block(s) before next dispense
2024-10-17 14:22:48,358 - INFO - Starting Ergo Token Distribution Bot
2024-10-17 14:22:48,358 - INFO - Loading configuration from ergo.json
2024-10-17 14:22:48,359 - INFO - Configuration loaded successfully
2024-10-17 14:22:48,359 - INFO - Initializing ErgoAppKit
2024-10-17 14:22:48,471 - INFO - ErgoAppKit initialized successfully
2024-10-17 14:22:48,472 - INFO - Token ID: 139cf6f4f22e36198d4c15f2b2f5c6dd08726f871f8603362d2bb193846bfb35
2024-10-17 14:22:48,472 - INFO - Number of recipient wallets: 4
2024-10-17 14:22:48,472 - INFO - Blocks between dispense: 1
2024-10-17 14:22:49,086 - INFO - Initial block height: 1375764
2024-10-17 14:22:49,423 - INFO - Current block height: 1375764
2024-10-17 14:22:49,423 - INFO - Attempting to dispense token to recipient 1/4: 9hDJ91Rx5TZf4njCG6AAcsf4GEWyQxrh5ioZ95mXQk8QtCNv8Js
2024-10-17 14:22:49,423 - INFO - Attempting to dispense token 139cf6f4f22e36198d4c15f2b2f5c6dd08726f871f8603362d2bb193846bfb35 to 9hDJ91Rx5TZf4njCG6AAcsf4GEWyQxrh5ioZ95mXQk8QtCNv8Js
2024-10-17 14:22:50,840 - INFO - Found 1 unspent box(es) with the token
2024-10-17 14:22:51,211 - INFO - Built output box for the transaction
2024-10-17 14:22:51,211 - ERROR - Error dispensing token: No matching overloads found for *static* org.ergoplatform.appkit.Address.fromErgoTree(bytes,org.ergoplatform.appkit.NetworkType), options are:
	public static org.ergoplatform.appkit.Address org.ergoplatform.appkit.Address.fromErgoTree(sigmastate.Values$ErgoTree,org.ergoplatform.appkit.NetworkType)

2024-10-17 14:22:51,211 - WARNING - Failed to dispense token, will retry in the next cycle
2024-10-17 14:23:38,213 - INFO - Starting Ergo Token Distribution Bot
2024-10-17 14:23:38,213 - INFO - Loading configuration from ergo.json
2024-10-17 14:23:38,213 - INFO - Configuration loaded successfully
2024-10-17 14:23:38,213 - INFO - Initializing ErgoAppKit
2024-10-17 14:23:38,343 - INFO - ErgoAppKit initialized successfully
2024-10-17 14:23:38,343 - INFO - Token ID: 139cf6f4f22e36198d4c15f2b2f5c6dd08726f871f8603362d2bb193846bfb35
2024-10-17 14:23:38,343 - INFO - Number of recipient wallets: 4
2024-10-17 14:23:38,343 - INFO - Blocks between dispense: 1
2024-10-17 14:23:39,026 - INFO - Initial block height: 1375764
2024-10-17 14:23:39,430 - INFO - Current block height: 1375764
2024-10-17 14:23:39,430 - INFO - Attempting to dispense token to recipient 1/4: 9hDJ91Rx5TZf4njCG6AAcsf4GEWyQxrh5ioZ95mXQk8QtCNv8Js
2024-10-17 14:23:39,430 - INFO - Attempting to dispense token 139cf6f4f22e36198d4c15f2b2f5c6dd08726f871f8603362d2bb193846bfb35 to 9hDJ91Rx5TZf4njCG6AAcsf4GEWyQxrh5ioZ95mXQk8QtCNv8Js
2024-10-17 14:23:41,809 - INFO - Found 1 unspent box(es) with the token
2024-10-17 14:23:42,279 - INFO - Built output box for the transaction
2024-10-17 14:23:42,279 - ERROR - Error dispensing token: name 'jpype' is not defined
2024-10-17 14:23:42,279 - WARNING - Failed to dispense token, will retry in the next cycle
2024-10-17 14:24:07,169 - INFO - Starting Ergo Token Distribution Bot
2024-10-17 14:24:07,169 - INFO - Loading configuration from ergo.json
2024-10-17 14:24:07,169 - INFO - Configuration loaded successfully
2024-10-17 14:24:07,169 - INFO - Initializing ErgoAppKit
2024-10-17 14:24:07,280 - INFO - ErgoAppKit initialized successfully
2024-10-17 14:24:07,280 - INFO - Token ID: 139cf6f4f22e36198d4c15f2b2f5c6dd08726f871f8603362d2bb193846bfb35
2024-10-17 14:24:07,280 - INFO - Number of recipient wallets: 4
2024-10-17 14:24:07,280 - INFO - Blocks between dispense: 1
2024-10-17 14:24:07,925 - INFO - Initial block height: 1375764
2024-10-17 14:24:08,292 - INFO - Current block height: 1375764
2024-10-17 14:24:08,293 - INFO - Attempting to dispense token to recipient 1/4: 9hDJ91Rx5TZf4njCG6AAcsf4GEWyQxrh5ioZ95mXQk8QtCNv8Js
2024-10-17 14:24:08,293 - INFO - Attempting to dispense token 139cf6f4f22e36198d4c15f2b2f5c6dd08726f871f8603362d2bb193846bfb35 to 9hDJ91Rx5TZf4njCG6AAcsf4GEWyQxrh5ioZ95mXQk8QtCNv8Js
2024-10-17 14:24:10,404 - INFO - Found 1 unspent box(es) with the token
2024-10-17 14:24:11,231 - INFO - Built output box for the transaction
2024-10-17 14:24:11,232 - ERROR - Error dispensing token: 'ErgoAppKit' object has no attribute 'getErgoClient'
2024-10-17 14:24:11,232 - WARNING - Failed to dispense token, will retry in the next cycle
2024-10-17 14:25:04,508 - INFO - Starting Ergo Token Distribution Bot
2024-10-17 14:25:04,508 - INFO - Loading configuration from ergo.json
2024-10-17 14:25:04,508 - INFO - Configuration loaded successfully
2024-10-17 14:25:04,508 - INFO - Initializing ErgoAppKit
2024-10-17 14:25:04,618 - INFO - ErgoAppKit initialized successfully
2024-10-17 14:25:04,618 - INFO - Token ID: 139cf6f4f22e36198d4c15f2b2f5c6dd08726f871f8603362d2bb193846bfb35
2024-10-17 14:25:04,618 - INFO - Number of recipient wallets: 4
2024-10-17 14:25:04,618 - INFO - Blocks between dispense: 1
2024-10-17 14:25:05,345 - INFO - Initial block height: 1375764
2024-10-17 14:25:05,783 - INFO - Current block height: 1375764
2024-10-17 14:25:05,783 - INFO - Attempting to dispense token to recipient 1/4: 9hDJ91Rx5TZf4njCG6AAcsf4GEWyQxrh5ioZ95mXQk8QtCNv8Js
2024-10-17 14:25:05,783 - INFO - Attempting to dispense token 139cf6f4f22e36198d4c15f2b2f5c6dd08726f871f8603362d2bb193846bfb35 to 9hDJ91Rx5TZf4njCG6AAcsf4GEWyQxrh5ioZ95mXQk8QtCNv8Js
2024-10-17 14:25:07,884 - INFO - Found 1 unspent box(es) with the token
2024-10-17 14:25:08,271 - INFO - Built output box for the transaction
2024-10-17 14:25:08,272 - ERROR - Error dispensing token: name 'ErgoTreeContract' is not defined
2024-10-17 14:25:08,272 - WARNING - Failed to dispense token, will retry in the next cycle
2024-10-17 14:25:53,541 - INFO - Starting Ergo Token Distribution Bot
2024-10-17 14:25:53,541 - INFO - Loading configuration from ergo.json
2024-10-17 14:25:53,541 - INFO - Configuration loaded successfully
2024-10-17 14:25:53,541 - INFO - Initializing ErgoAppKit
2024-10-17 14:25:53,653 - INFO - ErgoAppKit initialized successfully
2024-10-17 14:25:53,653 - INFO - Token ID: 139cf6f4f22e36198d4c15f2b2f5c6dd08726f871f8603362d2bb193846bfb35
2024-10-17 14:25:53,653 - INFO - Number of recipient wallets: 4
2024-10-17 14:25:53,653 - INFO - Blocks between dispense: 1
2024-10-17 14:25:54,382 - INFO - Initial block height: 1375764
2024-10-17 14:25:54,835 - INFO - Current block height: 1375764
2024-10-17 14:25:54,835 - INFO - Attempting to dispense token to recipient 1/4: 9hDJ91Rx5TZf4njCG6AAcsf4GEWyQxrh5ioZ95mXQk8QtCNv8Js
2024-10-17 14:25:54,835 - INFO - Attempting to dispense token 139cf6f4f22e36198d4c15f2b2f5c6dd08726f871f8603362d2bb193846bfb35 to 9hDJ91Rx5TZf4njCG6AAcsf4GEWyQxrh5ioZ95mXQk8QtCNv8Js
2024-10-17 14:25:57,036 - INFO - Found 1 unspent box(es) with the token
2024-10-17 14:25:57,436 - INFO - Built output box for the transaction
2024-10-17 14:25:57,437 - ERROR - Error dispensing token: Class org.ergoplatform.appkit.ErgoTreeContract is not found
2024-10-17 14:25:57,437 - WARNING - Failed to dispense token, will retry in the next cycle
2024-10-17 14:26:54,909 - INFO - Starting Ergo Token Distribution Bot
2024-10-17 14:26:54,909 - INFO - Loading configuration from ergo.json
2024-10-17 14:26:54,909 - INFO - Configuration loaded successfully
2024-10-17 14:26:54,909 - INFO - Initializing ErgoAppKit
2024-10-17 14:26:55,026 - INFO - ErgoAppKit initialized successfully
2024-10-17 14:26:55,026 - INFO - Token ID: 139cf6f4f22e36198d4c15f2b2f5c6dd08726f871f8603362d2bb193846bfb35
2024-10-17 14:26:55,026 - INFO - Number of recipient wallets: 4
2024-10-17 14:26:55,026 - INFO - Blocks between dispense: 1
2024-10-17 14:26:55,717 - INFO - Initial block height: 1375764
2024-10-17 14:26:56,176 - INFO - Current block height: 1375764
2024-10-17 14:26:56,176 - INFO - Attempting to dispense token to recipient 1/4: 9hDJ91Rx5TZf4njCG6AAcsf4GEWyQxrh5ioZ95mXQk8QtCNv8Js
2024-10-17 14:26:56,176 - INFO - Attempting to dispense token 139cf6f4f22e36198d4c15f2b2f5c6dd08726f871f8603362d2bb193846bfb35 to 9hDJ91Rx5TZf4njCG6AAcsf4GEWyQxrh5ioZ95mXQk8QtCNv8Js
2024-10-17 14:26:58,556 - INFO - Found 1 unspent box(es) with the token
2024-10-17 14:26:58,958 - INFO - Built output box for the transaction
2024-10-17 14:26:59,479 - INFO - Built unsigned transaction
2024-10-17 14:27:00,468 - ERROR - Error dispensing token: bad.request: Malformed request: Script reduced to false
2024-10-17 14:27:00,468 - WARNING - Failed to dispense token, will retry in the next cycle
2024-10-17 14:28:00,819 - INFO - Current block height: 1375764
2024-10-17 14:28:00,819 - INFO - Attempting to dispense token to recipient 1/4: 9hDJ91Rx5TZf4njCG6AAcsf4GEWyQxrh5ioZ95mXQk8QtCNv8Js
2024-10-17 14:28:00,819 - INFO - Attempting to dispense token 139cf6f4f22e36198d4c15f2b2f5c6dd08726f871f8603362d2bb193846bfb35 to 9hDJ91Rx5TZf4njCG6AAcsf4GEWyQxrh5ioZ95mXQk8QtCNv8Js
2024-10-17 14:28:02,056 - INFO - Found 1 unspent box(es) with the token
2024-10-17 14:28:02,422 - INFO - Built output box for the transaction
2024-10-17 14:28:02,834 - INFO - Built unsigned transaction
2024-10-17 14:28:03,571 - ERROR - Error dispensing token: bad.request: Malformed request: Script reduced to false
2024-10-17 14:28:03,571 - WARNING - Failed to dispense token, will retry in the next cycle
