2024-10-17 19:22:12,937 - INFO - Script started
2024-10-17 19:22:12,937 - ERROR - Error loading configuration file: [Errno 2] No such file or directory: 'config.json'
2024-10-17 19:22:24,860 - INFO - Script started
2024-10-17 19:22:24,861 - INFO - Configuration file loaded successfully
2024-10-17 19:22:24,991 - INFO - ErgoAppKit initialized with node URL: http://37.27.198.175:9053/, network type: MAINNET
2024-10-17 19:22:24,991 - INFO - Minter address: 9ebLdLKX7k6gAyruUPeqrT1jqKtscvFiW11EFmX5tcAvmwfZSsH
2024-10-17 19:22:24,991 - INFO - Number of recipient wallets: 4
2024-10-17 19:22:24,991 - INFO - Proxy address: BAJoE5C3Q5332EsdNgMz4CXqVUYdmFVdrHmCojHUzicCehfijtSh2Q4BVRG7x66F9Wb1tU86eT3NSfizjA5AN4RRsZrtNFWJ2UYzpS9c6NSwj4X4dr3yraS2GonAi3naZyZrvCWPBmRdiooB4xKFXEwYgY9gfBSfYekYSgLj1Z2NeKTdpLeEnUYc8j3hw5BdV3zKKB2oDZbHWR7qaEt9HwyNytRPamu8KvidH59s2CUJMzLCgzxvnwzYYqDGhT9CMgY7W4AU27skecjzr6RCJwszapmFmgYg5TpiNU4T7XUT2v1Nuik6t1Ly3sGhvM3PKew
2024-10-17 19:22:24,991 - INFO - Entering main function
2024-10-17 19:22:25,801 - INFO - Current block height: 1375901, Unlock height: 1375902
2024-10-17 19:22:25,801 - INFO - Minting tokens. Name: ProxyToken, Total amount: 200000, Decimals: 5
2024-10-17 19:22:25,801 - INFO - Starting token minting process. Token name: ProxyToken, Amount: 200000, Decimals: 5
2024-10-17 19:22:29,026 - DEBUG - Found 1 unspent boxes for minting
2024-10-17 19:22:29,026 - INFO - Token ID for minting: 86db39894d06a8db51e9edcf9da8633ddc9eeab951e0363c1060c748ec174c0e
2024-10-17 19:22:29,026 - INFO - Calculated total transaction fees: 0.008 ERG
2024-10-17 19:22:29,026 - ERROR - Error in mint_tokens_to_proxy: No matching overloads found for constructor org.ergoplatform.appkit.impl.ErgoTreeContract(str,org.ergoplatform.appkit.NetworkType), options are:
	public org.ergoplatform.appkit.impl.ErgoTreeContract(sigmastate.Values$ErgoTree,org.ergoplatform.appkit.NetworkType)

2024-10-17 19:22:29,026 - CRITICAL - Critical error in main function: No matching overloads found for constructor org.ergoplatform.appkit.impl.ErgoTreeContract(str,org.ergoplatform.appkit.NetworkType), options are:
	public org.ergoplatform.appkit.impl.ErgoTreeContract(sigmastate.Values$ErgoTree,org.ergoplatform.appkit.NetworkType)

2024-10-17 19:22:29,026 - INFO - Exiting main function
2024-10-17 19:22:29,026 - CRITICAL - Unhandled exception in script: No matching overloads found for constructor org.ergoplatform.appkit.impl.ErgoTreeContract(str,org.ergoplatform.appkit.NetworkType), options are:
	public org.ergoplatform.appkit.impl.ErgoTreeContract(sigmastate.Values$ErgoTree,org.ergoplatform.appkit.NetworkType)

2024-10-17 19:22:29,026 - INFO - Script finished execution
2024-10-17 19:24:10,449 - INFO - Script started
2024-10-17 19:24:10,449 - INFO - Configuration file loaded successfully
2024-10-17 19:24:10,565 - INFO - ErgoAppKit initialized with node URL: http://37.27.198.175:9053/, network type: MAINNET
2024-10-17 19:24:10,565 - INFO - Minter address: 9ebLdLKX7k6gAyruUPeqrT1jqKtscvFiW11EFmX5tcAvmwfZSsH
2024-10-17 19:24:10,565 - INFO - Number of recipient wallets: 4
2024-10-17 19:24:10,565 - INFO - Proxy address: BAJoE5C3Q5332EsdNgMz4CXqVUYdmFVdrHmCojHUzicCehfijtSh2Q4BVRG7x66F9Wb1tU86eT3NSfizjA5AN4RRsZrtNFWJ2UYzpS9c6NSwj4X4dr3yraS2GonAi3naZyZrvCWPBmRdiooB4xKFXEwYgY9gfBSfYekYSgLj1Z2NeKTdpLeEnUYc8j3hw5BdV3zKKB2oDZbHWR7qaEt9HwyNytRPamu8KvidH59s2CUJMzLCgzxvnwzYYqDGhT9CMgY7W4AU27skecjzr6RCJwszapmFmgYg5TpiNU4T7XUT2v1Nuik6t1Ly3sGhvM3PKew
2024-10-17 19:24:10,565 - INFO - Entering main function
2024-10-17 19:24:11,290 - INFO - Current block height: 1375902, Unlock height: 1375903
2024-10-17 19:24:11,290 - INFO - Minting tokens. Name: ProxyToken, Total amount: 200000, Decimals: 5
2024-10-17 19:24:11,290 - INFO - Starting token minting process. Token name: ProxyToken, Amount: 200000, Decimals: 5
2024-10-17 19:24:13,875 - DEBUG - Found 1 unspent boxes for minting
2024-10-17 19:24:13,875 - INFO - Token ID for minting: 86db39894d06a8db51e9edcf9da8633ddc9eeab951e0363c1060c748ec174c0e
2024-10-17 19:24:13,875 - INFO - Calculated total transaction fees: 0.008 ERG
2024-10-17 19:24:13,875 - ERROR - Error in mint_tokens_to_proxy: No matching overloads found for constructor org.ergoplatform.appkit.impl.ErgoTreeContract(str,org.ergoplatform.appkit.NetworkType), options are:
	public org.ergoplatform.appkit.impl.ErgoTreeContract(sigmastate.Values$ErgoTree,org.ergoplatform.appkit.NetworkType)

2024-10-17 19:24:13,875 - CRITICAL - Critical error in main function: No matching overloads found for constructor org.ergoplatform.appkit.impl.ErgoTreeContract(str,org.ergoplatform.appkit.NetworkType), options are:
	public org.ergoplatform.appkit.impl.ErgoTreeContract(sigmastate.Values$ErgoTree,org.ergoplatform.appkit.NetworkType)

2024-10-17 19:24:13,875 - INFO - Exiting main function
2024-10-17 19:24:13,875 - CRITICAL - Unhandled exception in script: No matching overloads found for constructor org.ergoplatform.appkit.impl.ErgoTreeContract(str,org.ergoplatform.appkit.NetworkType), options are:
	public org.ergoplatform.appkit.impl.ErgoTreeContract(sigmastate.Values$ErgoTree,org.ergoplatform.appkit.NetworkType)

2024-10-17 19:24:13,875 - INFO - Script finished execution
